<?xml version="1.0" encoding="UTF-8"?>
<!-- Generated by org.testng.reporters.JUnitXMLReporter -->
<testsuite hostname="DESKTOP-2JHI0MB" name="Default test" tests="3" failures="0" timestamp="11 Feb 2019 15:32:16 GMT" time="17.111" errors="0">
  <testcase name="login" time="2.901" classname="com.AutoIT.AutoIT_Browse_Photo"/>
  <testcase name="addemployee" time="1.249" classname="com.AutoIT.AutoIT_Browse_Photo"/>
  <testcase name="filldetails" time="4.24" classname="com.AutoIT.AutoIT_Browse_Photo"/>
</testsuite> <!-- Default test -->
