<?xml version="1.0" encoding="UTF-8"?>
<testng-results skipped="0" failed="0" ignored="0" total="1" passed="1">
  <reporter-output>
  </reporter-output>
  <suite name="Default suite" duration-ms="91983" started-at="2019-02-10T14:08:50Z" finished-at="2019-02-10T14:10:21Z">
    <groups>
    </groups>
    <test name="Default test" duration-ms="91983" started-at="2019-02-10T14:08:50Z" finished-at="2019-02-10T14:10:21Z">
      <class name="com.OHRM.OHRM_Login_Testdata">
        <test-method status="PASS" signature="browserLaunch()[pri:0, instance:com.OHRM.OHRM_Login_Testdata@29ca901e]" name="browserLaunch" is-config="true" duration-ms="36215" started-at="2019-02-10T19:38:50Z" finished-at="2019-02-10T19:39:26Z">
          <reporter-output>
          </reporter-output>
        </test-method> <!-- browserLaunch -->
        <test-method status="PASS" signature="Login()[pri:0, instance:com.OHRM.OHRM_Login_Testdata@29ca901e]" name="Login" duration-ms="53208" started-at="2019-02-10T19:39:26Z" finished-at="2019-02-10T19:40:19Z">
          <reporter-output>
          </reporter-output>
        </test-method> <!-- Login -->
        <test-method status="PASS" signature="browserClose()[pri:0, instance:com.OHRM.OHRM_Login_Testdata@29ca901e]" name="browserClose" is-config="true" duration-ms="2410" started-at="2019-02-10T19:40:19Z" finished-at="2019-02-10T19:40:21Z">
          <reporter-output>
          </reporter-output>
        </test-method> <!-- browserClose -->
      </class> <!-- com.OHRM.OHRM_Login_Testdata -->
    </test> <!-- Default test -->
  </suite> <!-- Default suite -->
</testng-results>
