<?xml version="1.0" encoding="UTF-8"?>
<!-- Generated by org.testng.reporters.JUnitXMLReporter -->
<testsuite hostname="DESKTOP-2JHI0MB" name="OrangeHRM User Registration" tests="3" failures="0" timestamp="5 Feb 2019 12:09:57 GMT" time="52.663" errors="0">
  <testcase name="login" time="4.14" classname="com.Testng_Framework.ADDEmployee_multiple_employees"/>
  <testcase name="addemployee" time="2.037" classname="com.Testng_Framework.ADDEmployee_multiple_employees"/>
  <testcase name="filldetails" time="36.614" classname="com.Testng_Framework.ADDEmployee_multiple_employees"/>
</testsuite> <!-- OrangeHRM User Registration -->
