<?xml version="1.0" encoding="UTF-8"?>
<testng-results skipped="0" failed="0" total="2" passed="2">
  <reporter-output>
  </reporter-output>
  <suite name="Newtours Login" duration-ms="382819" started-at="2019-02-05T16:21:41Z" finished-at="2019-02-05T16:28:04Z">
    <groups>
    </groups>
    <test name="login test" duration-ms="134078" started-at="2019-02-05T16:21:41Z" finished-at="2019-02-05T16:23:55Z">
      <class name="com.Newtours_Using_Testng.Login_functionality">
        <test-method status="PASS" signature="Setup()[pri:0, instance:com.Newtours_Using_Testng.Login_functionality@61a485d2]" name="Setup" is-config="true" duration-ms="15705" started-at="2019-02-05T21:51:41Z" finished-at="2019-02-05T21:51:57Z">
          <reporter-output>
          </reporter-output>
        </test-method> <!-- Setup -->
        <test-method status="PASS" signature="Login_Functionality()[pri:0, instance:com.Newtours_Using_Testng.Login_functionality@61a485d2]" name="Login_Functionality" duration-ms="118355" started-at="2019-02-05T21:51:57Z" finished-at="2019-02-05T21:53:55Z">
          <reporter-output>
          </reporter-output>
        </test-method> <!-- Login_Functionality -->
        <test-method status="PASS" signature="teardown()[pri:0, instance:com.Newtours_Using_Testng.Login_functionality@61a485d2]" name="teardown" is-config="true" duration-ms="1" started-at="2019-02-05T21:53:55Z" finished-at="2019-02-05T21:53:55Z">
          <reporter-output>
          </reporter-output>
        </test-method> <!-- teardown -->
      </class> <!-- com.Newtours_Using_Testng.Login_functionality -->
    </test> <!-- login test -->
    <test name="User Registration" duration-ms="248690" started-at="2019-02-05T16:23:55Z" finished-at="2019-02-05T16:28:04Z">
      <class name="com.Newtours_Using_Testng.User_Registration_Multliple_testdata">
        <test-method status="PASS" signature="Setup()[pri:0, instance:com.Newtours_Using_Testng.User_Registration_Multliple_testdata@51efea79]" name="Setup" is-config="true" duration-ms="16888" started-at="2019-02-05T21:53:55Z" finished-at="2019-02-05T21:54:12Z">
          <reporter-output>
          </reporter-output>
        </test-method> <!-- Setup -->
        <test-method status="PASS" signature="register()[pri:0, instance:com.Newtours_Using_Testng.User_Registration_Multliple_testdata@51efea79]" name="register" duration-ms="231799" started-at="2019-02-05T21:54:12Z" finished-at="2019-02-05T21:58:04Z">
          <reporter-output>
          </reporter-output>
        </test-method> <!-- register -->
        <test-method status="PASS" signature="teardown()[pri:0, instance:com.Newtours_Using_Testng.User_Registration_Multliple_testdata@51efea79]" name="teardown" is-config="true" duration-ms="0" started-at="2019-02-05T21:58:04Z" finished-at="2019-02-05T21:58:04Z">
          <reporter-output>
          </reporter-output>
        </test-method> <!-- teardown -->
      </class> <!-- com.Newtours_Using_Testng.User_Registration_Multliple_testdata -->
    </test> <!-- User Registration -->
  </suite> <!-- Newtours Login -->
</testng-results>
