<?xml version="1.0" encoding="UTF-8"?>
<testng-results skipped="0" failed="0" total="1" passed="1">
  <reporter-output>
  </reporter-output>
  <suite name="Default suite" duration-ms="27976" started-at="2019-02-05T10:03:50Z" finished-at="2019-02-05T10:04:18Z">
    <groups>
    </groups>
    <test name="Default test" duration-ms="27976" started-at="2019-02-05T10:03:50Z" finished-at="2019-02-05T10:04:18Z">
      <class name="com.OHRM_TestScripts.LoginTest">
        <test-method status="PASS" signature="Login()[pri:0, instance:com.OHRM_TestScripts.LoginTest@668bc3d5]" name="Login" duration-ms="27955" started-at="2019-02-05T15:33:50Z" finished-at="2019-02-05T15:34:18Z">
          <reporter-output>
          </reporter-output>
        </test-method> <!-- Login -->
      </class> <!-- com.OHRM_TestScripts.LoginTest -->
    </test> <!-- Default test -->
  </suite> <!-- Default suite -->
</testng-results>
